<?xml version="1.0" encoding="UTF-8"?>
<testng-results ignored="0" total="1" passed="1" failed="0" skipped="0">
  <reporter-output>
  </reporter-output>
  <suite started-at="2024-03-24T23:10:33 IST" name="Default suite" finished-at="2024-03-24T23:11:59 IST" duration-ms="86856">
    <groups>
    </groups>
    <test started-at="2024-03-24T23:10:33 IST" name="Default test" finished-at="2024-03-24T23:11:59 IST" duration-ms="86856">
      <class name="LoveDale.AppTest">
        <test-method signature="registration()[pri:0, instance:LoveDale.AppTest@4d5650ae]" started-at="2024-03-24T23:10:33 IST" name="registration" finished-at="2024-03-24T23:11:59 IST" duration-ms="86824" status="PASS">
          <reporter-output>
          </reporter-output>
        </test-method> <!-- registration -->
      </class> <!-- LoveDale.AppTest -->
    </test> <!-- Default test -->
  </suite> <!-- Default suite -->
</testng-results>
